2026-01-29 23:01:14,823 | INFO | bot.client | Order request: {'symbol': 'BTCUSDT', 'side': 'BUY', 'type': 'MARKET', 'quantity': 0.001}
2026-01-29 23:01:15,844 | ERROR | __main__ | Order failed
Traceback (most recent call last):
  File "C:\TradingBot\cli.py", line 32, in main
    response = service.place_market(
         args.symbol, args.side, args.quantity
    )
  File "C:\TradingBot\bot\orders.py", line 8, in place_market
    return self.client.create_order(
           ~~~~~~~~~~~~~~~~~~~~~~~~^
         symbol=symbol,
         ^^^^^^^^^^^^^^
    ...<2 lines>...
         quantity=quantity
         ^^^^^^^^^^^^^^^^^
    )
    ^
  File "C:\TradingBot\bot\client.py", line 20, in create_order
    response = self.client.futures_create_order(**kwargs)
  File "C:\TradingBot\venv\Lib\site-packages\binance\client.py", line 6504, in futures_create_order
    return self._request_futures_api('post', 'order', True, data=params)
           ~~~~~~~~~~~~~~~~~~~~~~~~~^^^^^^^^^^^^^^^^^^^^^^^^^^^^^^^^^^^^
  File "C:\TradingBot\venv\Lib\site-packages\binance\client.py", line 383, in _request_futures_api
    return self._request(method, uri, signed, True, **kwargs)
           ~~~~~~~~~~~~~^^^^^^^^^^^^^^^^^^^^^^^^^^^^^^^^^^^^^
  File "C:\TradingBot\venv\Lib\site-packages\binance\client.py", line 359, in _request
    return self._handle_response(self.response)
           ~~~~~~~~~~~~~~~~~~~~~^^^^^^^^^^^^^^^
  File "C:\TradingBot\venv\Lib\site-packages\binance\client.py", line 368, in _handle_response
    raise BinanceAPIException(response, response.status_code, response.text)
binance.exceptions.BinanceAPIException: APIError(code=-2015): Invalid API-key, IP, or permissions for action
2026-01-29 23:04:24,480 | INFO | bot.client | Order request: {'symbol': 'BTCUSDT', 'side': 'BUY', 'type': 'MARKET', 'quantity': 0.001}
2026-01-29 23:04:25,472 | ERROR | __main__ | Order failed
Traceback (most recent call last):
  File "C:\TradingBot\cli.py", line 32, in main
    response = service.place_market(
         args.symbol, args.side, args.quantity
    )
  File "C:\TradingBot\bot\orders.py", line 8, in place_market
    return self.client.create_order(
           ~~~~~~~~~~~~~~~~~~~~~~~~^
         symbol=symbol,
         ^^^^^^^^^^^^^^
    ...<2 lines>...
         quantity=quantity
         ^^^^^^^^^^^^^^^^^
    )
    ^
  File "C:\TradingBot\bot\client.py", line 20, in create_order
    response = self.client.futures_create_order(**kwargs)
  File "C:\TradingBot\venv\Lib\site-packages\binance\client.py", line 6504, in futures_create_order
    return self._request_futures_api('post', 'order', True, data=params)
           ~~~~~~~~~~~~~~~~~~~~~~~~~^^^^^^^^^^^^^^^^^^^^^^^^^^^^^^^^^^^^
  File "C:\TradingBot\venv\Lib\site-packages\binance\client.py", line 383, in _request_futures_api
    return self._request(method, uri, signed, True, **kwargs)
           ~~~~~~~~~~~~~^^^^^^^^^^^^^^^^^^^^^^^^^^^^^^^^^^^^^
  File "C:\TradingBot\venv\Lib\site-packages\binance\client.py", line 359, in _request
    return self._handle_response(self.response)
           ~~~~~~~~~~~~~~~~~~~~~^^^^^^^^^^^^^^^
  File "C:\TradingBot\venv\Lib\site-packages\binance\client.py", line 368, in _handle_response
    raise BinanceAPIException(response, response.status_code, response.text)
binance.exceptions.BinanceAPIException: APIError(code=-1021): Timestamp for this request was 1000ms ahead of the server's time.
2026-01-29 23:06:21,306 | INFO | bot.client | Order request: {'symbol': 'BTCUSDT', 'side': 'BUY', 'type': 'MARKET', 'quantity': 0.001}
2026-01-29 23:06:21,455 | ERROR | __main__ | Order failed
Traceback (most recent call last):
  File "C:\TradingBot\cli.py", line 32, in main
    response = service.place_market(
         args.symbol, args.side, args.quantity
    )
  File "C:\TradingBot\bot\orders.py", line 8, in place_market
    return self.client.create_order(
           ~~~~~~~~~~~~~~~~~~~~~~~~^
         symbol=symbol,
         ^^^^^^^^^^^^^^
    ...<2 lines>...
         quantity=quantity
         ^^^^^^^^^^^^^^^^^
    )
    ^
  File "C:\TradingBot\bot\client.py", line 23, in create_order
    response = self.client.futures_create_order(**kwargs)
  File "C:\TradingBot\venv\Lib\site-packages\binance\client.py", line 6504, in futures_create_order
    return self._request_futures_api('post', 'order', True, data=params)
           ~~~~~~~~~~~~~~~~~~~~~~~~~^^^^^^^^^^^^^^^^^^^^^^^^^^^^^^^^^^^^
  File "C:\TradingBot\venv\Lib\site-packages\binance\client.py", line 383, in _request_futures_api
    return self._request(method, uri, signed, True, **kwargs)
           ~~~~~~~~~~~~~^^^^^^^^^^^^^^^^^^^^^^^^^^^^^^^^^^^^^
  File "C:\TradingBot\venv\Lib\site-packages\binance\client.py", line 359, in _request
    return self._handle_response(self.response)
           ~~~~~~~~~~~~~~~~~~~~~^^^^^^^^^^^^^^^
  File "C:\TradingBot\venv\Lib\site-packages\binance\client.py", line 368, in _handle_response
    raise BinanceAPIException(response, response.status_code, response.text)
binance.exceptions.BinanceAPIException: APIError(code=-4164): Order's notional must be no smaller than 100 (unless you choose reduce only).
2026-01-29 23:06:37,393 | INFO | bot.client | Order request: {'symbol': 'BTCUSDT', 'side': 'BUY', 'type': 'MARKET', 'quantity': 0.001}
2026-01-29 23:06:37,800 | ERROR | __main__ | Order failed
Traceback (most recent call last):
  File "C:\TradingBot\cli.py", line 32, in main
    response = service.place_market(
         args.symbol, args.side, args.quantity
    )
  File "C:\TradingBot\bot\orders.py", line 8, in place_market
    return self.client.create_order(
           ~~~~~~~~~~~~~~~~~~~~~~~~^
         symbol=symbol,
         ^^^^^^^^^^^^^^
    ...<2 lines>...
         quantity=quantity
         ^^^^^^^^^^^^^^^^^
    )
    ^
  File "C:\TradingBot\bot\client.py", line 23, in create_order
    response = self.client.futures_create_order(**kwargs)
  File "C:\TradingBot\venv\Lib\site-packages\binance\client.py", line 6504, in futures_create_order
    return self._request_futures_api('post', 'order', True, data=params)
           ~~~~~~~~~~~~~~~~~~~~~~~~~^^^^^^^^^^^^^^^^^^^^^^^^^^^^^^^^^^^^
  File "C:\TradingBot\venv\Lib\site-packages\binance\client.py", line 383, in _request_futures_api
    return self._request(method, uri, signed, True, **kwargs)
           ~~~~~~~~~~~~~^^^^^^^^^^^^^^^^^^^^^^^^^^^^^^^^^^^^^
  File "C:\TradingBot\venv\Lib\site-packages\binance\client.py", line 359, in _request
    return self._handle_response(self.response)
           ~~~~~~~~~~~~~~~~~~~~~^^^^^^^^^^^^^^^
  File "C:\TradingBot\venv\Lib\site-packages\binance\client.py", line 368, in _handle_response
    raise BinanceAPIException(response, response.status_code, response.text)
binance.exceptions.BinanceAPIException: APIError(code=-4164): Order's notional must be no smaller than 100 (unless you choose reduce only).
2026-01-29 23:07:08,044 | INFO | bot.client | Order request: {'symbol': 'BTCUSDT', 'side': 'BUY', 'type': 'MARKET', 'quantity': 0.003}
2026-01-29 23:07:08,202 | INFO | bot.client | Order response: {'orderId': 12026503205, 'symbol': 'BTCUSDT', 'status': 'NEW', 'clientOrderId': 'Ohc5SdogZGwz6EHAzvGWRV', 'price': '0.00', 'avgPrice': '0.00', 'origQty': '0.003', 'executedQty': '0.000', 'cumQty': '0.000', 'cumQuote': '0.00000', 'timeInForce': 'GTC', 'type': 'MARKET', 'reduceOnly': False, 'closePosition': False, 'side': 'BUY', 'positionSide': 'BOTH', 'stopPrice': '0.00', 'workingType': 'CONTRACT_PRICE', 'priceProtect': False, 'origType': 'MARKET', 'priceMatch': 'NONE', 'selfTradePreventionMode': 'EXPIRE_MAKER', 'goodTillDate': 0, 'updateTime': 1769708225386}
